<?xml version="1.0" encoding="UTF-8"?>
<!-- Generated by org.testng.reporters.JUnitReportReporter -->
<testsuite hostname="PRO-RAET-AVINASH" failures="0" tests="2" name="tests.FreeCrmTest" time="0.091" errors="0" timestamp="26 Sep 2018 11:17:08 GMT" skipped="0">
  <testcase classname="tests.FreeCrmTest" name="verifyFreeCrmTitleTest" time="0.030"/>
  <testcase classname="tests.FreeCrmTest" name="logoTest" time="0.061"/>
</testsuite> <!-- tests.FreeCrmTest -->
